[0705/153906.142:ERROR:crash_report_database_win.cc(469)] failed to stat report
[0705/153906.142:ERROR:crash_report_database_win.cc(469)] failed to stat report
[0705/153906.142:ERROR:crash_report_database_win.cc(469)] failed to stat report
[0705/153906.142:ERROR:crash_report_database_win.cc(469)] failed to stat report
[0705/153906.142:ERROR:crash_report_database_win.cc(469)] failed to stat report
[0705/153906.142:ERROR:crash_report_database_win.cc(469)] failed to stat report
[0705/153906.142:ERROR:crash_report_database_win.cc(469)] failed to stat report
[0705/153906.142:ERROR:crash_report_database_win.cc(469)] failed to stat report
[0705/153906.142:ERROR:crash_report_database_win.cc(469)] failed to stat report
[0705/153906.142:ERROR:crash_report_database_win.cc(469)] failed to stat report
[0705/153906.142:ERROR:crash_report_database_win.cc(469)] failed to stat report
[0705/153906.142:ERROR:crash_report_database_win.cc(469)] failed to stat report
[0705/153906.142:ERROR:crash_report_database_win.cc(469)] failed to stat report
[0705/153906.142:ERROR:crash_report_database_win.cc(469)] failed to stat report
[0705/153906.142:ERROR:crash_report_database_win.cc(469)] failed to stat report
[0705/153906.142:ERROR:crash_report_database_win.cc(469)] failed to stat report
[0705/153906.142:ERROR:crash_report_database_win.cc(469)] failed to stat report
[0705/153906.142:ERROR:crash_report_database_win.cc(469)] failed to stat report
[0705/153906.142:ERROR:crash_report_database_win.cc(469)] failed to stat report
[0705/154003.833:ERROR:crash_report_database_win.cc(469)] failed to stat report
[0705/154003.833:ERROR:crash_report_database_win.cc(469)] failed to stat report
[0705/154003.833:ERROR:crash_report_database_win.cc(469)] failed to stat report
[0705/154003.833:ERROR:crash_report_database_win.cc(469)] failed to stat report
[0705/154003.833:ERROR:crash_report_database_win.cc(469)] failed to stat report
[0705/154003.834:ERROR:crash_report_database_win.cc(469)] failed to stat report
[0705/154003.834:ERROR:crash_report_database_win.cc(469)] failed to stat report
[0705/154003.834:ERROR:crash_report_database_win.cc(469)] failed to stat report
[0705/154003.834:ERROR:crash_report_database_win.cc(469)] failed to stat report
[0705/154003.834:ERROR:crash_report_database_win.cc(469)] failed to stat report
[0705/154003.834:ERROR:crash_report_database_win.cc(469)] failed to stat report
[0705/154003.834:ERROR:crash_report_database_win.cc(469)] failed to stat report
[0705/154003.834:ERROR:crash_report_database_win.cc(469)] failed to stat report
[0705/154003.834:ERROR:crash_report_database_win.cc(469)] failed to stat report
[0705/154003.834:ERROR:crash_report_database_win.cc(469)] failed to stat report
[0705/154003.834:ERROR:crash_report_database_win.cc(469)] failed to stat report
[0705/154003.834:ERROR:crash_report_database_win.cc(469)] failed to stat report
[0705/154003.834:ERROR:crash_report_database_win.cc(469)] failed to stat report
[0705/154003.835:ERROR:crash_report_database_win.cc(469)] failed to stat report
<<<<<<< HEAD
>>>>>>> d26000cccca3419f146bc7aba237875f34ab5e98
[0705/160311.365:ERROR:crash_report_database_win.cc(428)] unexpected header
[0705/163605.966:ERROR:crash_report_database_win.cc(428)] unexpected header
=======
[0705/155503.854:ERROR:crash_report_database_win.cc(469)] failed to stat report
[0705/155503.854:ERROR:crash_report_database_win.cc(469)] failed to stat report
[0705/155503.855:ERROR:crash_report_database_win.cc(469)] failed to stat report
[0705/155503.855:ERROR:crash_report_database_win.cc(469)] failed to stat report
[0705/155503.855:ERROR:crash_report_database_win.cc(469)] failed to stat report
[0705/155503.855:ERROR:crash_report_database_win.cc(469)] failed to stat report
[0705/155503.855:ERROR:crash_report_database_win.cc(469)] failed to stat report
[0705/155503.855:ERROR:crash_report_database_win.cc(469)] failed to stat report
[0705/155503.855:ERROR:crash_report_database_win.cc(469)] failed to stat report
[0705/155503.856:ERROR:crash_report_database_win.cc(469)] failed to stat report
[0705/155503.856:ERROR:crash_report_database_win.cc(469)] failed to stat report
[0705/155503.856:ERROR:crash_report_database_win.cc(469)] failed to stat report
[0705/155503.856:ERROR:crash_report_database_win.cc(469)] failed to stat report
[0705/155503.856:ERROR:crash_report_database_win.cc(469)] failed to stat report
[0705/155503.856:ERROR:crash_report_database_win.cc(469)] failed to stat report
[0705/155503.856:ERROR:crash_report_database_win.cc(469)] failed to stat report
[0705/155503.857:ERROR:crash_report_database_win.cc(469)] failed to stat report
[0705/155503.857:ERROR:crash_report_database_win.cc(469)] failed to stat report
[0705/155503.857:ERROR:crash_report_database_win.cc(469)] failed to stat report
[0705/161003.885:ERROR:crash_report_database_win.cc(469)] failed to stat report
[0705/161003.885:ERROR:crash_report_database_win.cc(469)] failed to stat report
[0705/161003.885:ERROR:crash_report_database_win.cc(469)] failed to stat report
[0705/161003.885:ERROR:crash_report_database_win.cc(469)] failed to stat report
[0705/161003.885:ERROR:crash_report_database_win.cc(469)] failed to stat report
[0705/161003.885:ERROR:crash_report_database_win.cc(469)] failed to stat report
[0705/161003.885:ERROR:crash_report_database_win.cc(469)] failed to stat report
[0705/161003.885:ERROR:crash_report_database_win.cc(469)] failed to stat report
[0705/161003.885:ERROR:crash_report_database_win.cc(469)] failed to stat report
[0705/161003.885:ERROR:crash_report_database_win.cc(469)] failed to stat report
[0705/161003.885:ERROR:crash_report_database_win.cc(469)] failed to stat report
[0705/161003.885:ERROR:crash_report_database_win.cc(469)] failed to stat report
[0705/161003.885:ERROR:crash_report_database_win.cc(469)] failed to stat report
[0705/161003.885:ERROR:crash_report_database_win.cc(469)] failed to stat report
[0705/161003.885:ERROR:crash_report_database_win.cc(469)] failed to stat report
[0705/161003.885:ERROR:crash_report_database_win.cc(469)] failed to stat report
[0705/161003.885:ERROR:crash_report_database_win.cc(469)] failed to stat report
[0705/161003.885:ERROR:crash_report_database_win.cc(469)] failed to stat report
[0705/161003.885:ERROR:crash_report_database_win.cc(469)] failed to stat report
[0705/162339.186:ERROR:crash_report_database_win.cc(469)] failed to stat report
[0705/162339.186:ERROR:crash_report_database_win.cc(469)] failed to stat report
[0705/162339.186:ERROR:crash_report_database_win.cc(469)] failed to stat report
[0705/162339.187:ERROR:crash_report_database_win.cc(469)] failed to stat report
[0705/162339.187:ERROR:crash_report_database_win.cc(469)] failed to stat report
[0705/162339.187:ERROR:crash_report_database_win.cc(469)] failed to stat report
[0705/162339.187:ERROR:crash_report_database_win.cc(469)] failed to stat report
[0705/162339.187:ERROR:crash_report_database_win.cc(469)] failed to stat report
[0705/162339.187:ERROR:crash_report_database_win.cc(469)] failed to stat report
[0705/162339.187:ERROR:crash_report_database_win.cc(469)] failed to stat report
[0705/162339.187:ERROR:crash_report_database_win.cc(469)] failed to stat report
[0705/162339.187:ERROR:crash_report_database_win.cc(469)] failed to stat report
[0705/162339.187:ERROR:crash_report_database_win.cc(469)] failed to stat report
[0705/162339.187:ERROR:crash_report_database_win.cc(469)] failed to stat report
[0705/162339.187:ERROR:crash_report_database_win.cc(469)] failed to stat report
[0705/162339.187:ERROR:crash_report_database_win.cc(469)] failed to stat report
[0705/162339.187:ERROR:crash_report_database_win.cc(469)] failed to stat report
[0705/162339.187:ERROR:crash_report_database_win.cc(469)] failed to stat report
[0705/162339.187:ERROR:crash_report_database_win.cc(469)] failed to stat report
[0705/162503.905:ERROR:crash_report_database_win.cc(469)] failed to stat report
[0705/162503.905:ERROR:crash_report_database_win.cc(469)] failed to stat report
[0705/162503.906:ERROR:crash_report_database_win.cc(469)] failed to stat report
[0705/162503.906:ERROR:crash_report_database_win.cc(469)] failed to stat report
[0705/162503.906:ERROR:crash_report_database_win.cc(469)] failed to stat report
[0705/162503.906:ERROR:crash_report_database_win.cc(469)] failed to stat report
[0705/162503.906:ERROR:crash_report_database_win.cc(469)] failed to stat report
[0705/162503.907:ERROR:crash_report_database_win.cc(469)] failed to stat report
[0705/162503.907:ERROR:crash_report_database_win.cc(469)] failed to stat report
[0705/162503.907:ERROR:crash_report_database_win.cc(469)] failed to stat report
[0705/162503.907:ERROR:crash_report_database_win.cc(469)] failed to stat report
[0705/162503.907:ERROR:crash_report_database_win.cc(469)] failed to stat report
[0705/162503.907:ERROR:crash_report_database_win.cc(469)] failed to stat report
[0705/162503.907:ERROR:crash_report_database_win.cc(469)] failed to stat report
[0705/162503.908:ERROR:crash_report_database_win.cc(469)] failed to stat report
[0705/162503.908:ERROR:crash_report_database_win.cc(469)] failed to stat report
[0705/162503.908:ERROR:crash_report_database_win.cc(469)] failed to stat report
[0705/162503.908:ERROR:crash_report_database_win.cc(469)] failed to stat report
[0705/162503.908:ERROR:crash_report_database_win.cc(469)] failed to stat report
>>>>>>> d99f33a049f502599913c18cc0d3ea52e8316755
[0705/164239.218:ERROR:crash_report_database_win.cc(428)] unexpected header
[0705/164635.773:ERROR:crash_report_database_win.cc(428)] unexpected header
[0705/175244.027:ERROR:crash_report_database_win.cc(428)] unexpected header
<<<<<<< HEAD
[0708/103200.480:ERROR:crash_report_database_win.cc(428)] unexpected header
[0708/112617.111:ERROR:crash_report_database_win.cc(428)] unexpected header
[0708/115649.451:ERROR:crash_report_database_win.cc(428)] unexpected header
[0708/140328.990:ERROR:crash_report_database_win.cc(428)] unexpected header
[0708/140547.536:ERROR:crash_report_database_win.cc(428)] unexpected header
[0708/140903.675:ERROR:crash_report_database_win.cc(428)] unexpected header
[0708/141207.292:ERROR:crash_report_database_win.cc(428)] unexpected header
=======
[0708/181340.192:ERROR:crash_report_database_win.cc(469)] failed to stat report
[0708/181340.192:ERROR:crash_report_database_win.cc(469)] failed to stat report
[0708/181340.192:ERROR:crash_report_database_win.cc(469)] failed to stat report
[0708/181340.192:ERROR:crash_report_database_win.cc(469)] failed to stat report
[0708/181340.192:ERROR:crash_report_database_win.cc(469)] failed to stat report
[0708/181340.192:ERROR:crash_report_database_win.cc(469)] failed to stat report
[0708/181340.192:ERROR:crash_report_database_win.cc(469)] failed to stat report
[0708/181340.192:ERROR:crash_report_database_win.cc(469)] failed to stat report
[0708/181340.192:ERROR:crash_report_database_win.cc(469)] failed to stat report
[0708/181340.192:ERROR:crash_report_database_win.cc(469)] failed to stat report
[0708/181340.192:ERROR:crash_report_database_win.cc(469)] failed to stat report
[0708/181340.192:ERROR:crash_report_database_win.cc(469)] failed to stat report
[0708/181340.192:ERROR:crash_report_database_win.cc(469)] failed to stat report
[0708/181340.192:ERROR:crash_report_database_win.cc(469)] failed to stat report
[0708/181340.192:ERROR:crash_report_database_win.cc(469)] failed to stat report
[0708/181340.192:ERROR:crash_report_database_win.cc(469)] failed to stat report
[0708/181340.192:ERROR:crash_report_database_win.cc(469)] failed to stat report
[0708/181340.192:ERROR:crash_report_database_win.cc(469)] failed to stat report
[0708/181340.192:ERROR:crash_report_database_win.cc(469)] failed to stat report
>>>>>>> carlos-react
[0712/102220.045:ERROR:crash_report_database_win.cc(428)] unexpected header
[0712/102511.140:ERROR:crash_report_database_win.cc(428)] unexpected header
[0712/140931.316:ERROR:crash_report_database_win.cc(428)] unexpected header
[0712/185445.148:ERROR:crash_report_database_win.cc(428)] unexpected header
[0712/185807.548:ERROR:crash_report_database_win.cc(428)] unexpected header
[0731/175650.906:ERROR:crash_report_database_win.cc(469)] failed to stat report
[0731/175650.989:ERROR:crash_report_database_win.cc(469)] failed to stat report
[0731/175650.989:ERROR:crash_report_database_win.cc(469)] failed to stat report
[0731/175650.989:ERROR:crash_report_database_win.cc(469)] failed to stat report
[0731/175650.989:ERROR:crash_report_database_win.cc(469)] failed to stat report
[0731/175650.989:ERROR:crash_report_database_win.cc(469)] failed to stat report
[0731/175650.989:ERROR:crash_report_database_win.cc(469)] failed to stat report
[0731/175650.990:ERROR:crash_report_database_win.cc(469)] failed to stat report
[0731/175650.990:ERROR:crash_report_database_win.cc(469)] failed to stat report
[0731/175650.990:ERROR:crash_report_database_win.cc(469)] failed to stat report
[0731/175650.990:ERROR:crash_report_database_win.cc(469)] failed to stat report
[0731/175650.990:ERROR:crash_report_database_win.cc(469)] failed to stat report
[0731/175650.990:ERROR:crash_report_database_win.cc(469)] failed to stat report
[0731/175650.990:ERROR:crash_report_database_win.cc(469)] failed to stat report
[0731/175650.990:ERROR:crash_report_database_win.cc(469)] failed to stat report
[0731/175650.990:ERROR:crash_report_database_win.cc(469)] failed to stat report
[0731/175650.990:ERROR:crash_report_database_win.cc(469)] failed to stat report
[0731/175650.990:ERROR:crash_report_database_win.cc(469)] failed to stat report
[0731/175650.991:ERROR:crash_report_database_win.cc(469)] failed to stat report
[0731/175930.816:ERROR:crash_report_database_win.cc(469)] failed to stat report
[0731/175930.816:ERROR:crash_report_database_win.cc(469)] failed to stat report
[0731/175930.816:ERROR:crash_report_database_win.cc(469)] failed to stat report
[0731/175930.816:ERROR:crash_report_database_win.cc(469)] failed to stat report
[0731/175930.816:ERROR:crash_report_database_win.cc(469)] failed to stat report
[0731/175930.816:ERROR:crash_report_database_win.cc(469)] failed to stat report
[0731/175930.816:ERROR:crash_report_database_win.cc(469)] failed to stat report
[0731/175930.816:ERROR:crash_report_database_win.cc(469)] failed to stat report
[0731/175930.816:ERROR:crash_report_database_win.cc(469)] failed to stat report
[0731/175930.816:ERROR:crash_report_database_win.cc(469)] failed to stat report
[0731/175930.816:ERROR:crash_report_database_win.cc(469)] failed to stat report
[0731/175930.816:ERROR:crash_report_database_win.cc(469)] failed to stat report
[0731/175930.816:ERROR:crash_report_database_win.cc(469)] failed to stat report
[0731/175930.816:ERROR:crash_report_database_win.cc(469)] failed to stat report
[0731/175930.816:ERROR:crash_report_database_win.cc(469)] failed to stat report
[0731/175930.816:ERROR:crash_report_database_win.cc(469)] failed to stat report
[0731/175930.816:ERROR:crash_report_database_win.cc(469)] failed to stat report
[0731/175930.816:ERROR:crash_report_database_win.cc(469)] failed to stat report
[0731/175930.816:ERROR:crash_report_database_win.cc(469)] failed to stat report
[0826/090822.902:ERROR:crash_report_database_win.cc(469)] failed to stat report
[0826/090822.902:ERROR:crash_report_database_win.cc(469)] failed to stat report
[0826/090822.902:ERROR:crash_report_database_win.cc(469)] failed to stat report
[0826/090822.902:ERROR:crash_report_database_win.cc(469)] failed to stat report
[0826/090822.902:ERROR:crash_report_database_win.cc(469)] failed to stat report
[0826/090822.902:ERROR:crash_report_database_win.cc(469)] failed to stat report
[0826/090822.902:ERROR:crash_report_database_win.cc(469)] failed to stat report
[0826/090822.902:ERROR:crash_report_database_win.cc(469)] failed to stat report
[0826/090822.902:ERROR:crash_report_database_win.cc(469)] failed to stat report
[0826/090822.902:ERROR:crash_report_database_win.cc(469)] failed to stat report
[0826/090822.902:ERROR:crash_report_database_win.cc(469)] failed to stat report
[0826/090822.902:ERROR:crash_report_database_win.cc(469)] failed to stat report
[0826/090822.902:ERROR:crash_report_database_win.cc(469)] failed to stat report
[0826/090822.902:ERROR:crash_report_database_win.cc(469)] failed to stat report
[0826/090822.902:ERROR:crash_report_database_win.cc(469)] failed to stat report
[0826/090822.902:ERROR:crash_report_database_win.cc(469)] failed to stat report
[0826/090822.902:ERROR:crash_report_database_win.cc(469)] failed to stat report
[0826/090822.902:ERROR:crash_report_database_win.cc(469)] failed to stat report
[0826/090822.902:ERROR:crash_report_database_win.cc(469)] failed to stat report
[0826/090822.902:ERROR:crash_report_database_win.cc(469)] failed to stat report
[0826/090822.902:ERROR:crash_report_database_win.cc(469)] failed to stat report
[0826/090822.902:ERROR:crash_report_database_win.cc(469)] failed to stat report
[0826/090822.902:ERROR:crash_report_database_win.cc(469)] failed to stat report
[0826/090822.902:ERROR:crash_report_database_win.cc(469)] failed to stat report
[0826/090822.902:ERROR:crash_report_database_win.cc(469)] failed to stat report
[0826/090822.902:ERROR:crash_report_database_win.cc(469)] failed to stat report
[0826/090822.902:ERROR:crash_report_database_win.cc(469)] failed to stat report
[0827/091231.262:ERROR:crash_report_database_win.cc(469)] failed to stat report
[0827/091231.313:ERROR:crash_report_database_win.cc(469)] failed to stat report
[0827/091231.313:ERROR:crash_report_database_win.cc(469)] failed to stat report
[0827/091231.313:ERROR:crash_report_database_win.cc(469)] failed to stat report
[0827/091231.313:ERROR:crash_report_database_win.cc(469)] failed to stat report
[0827/091231.313:ERROR:crash_report_database_win.cc(469)] failed to stat report
[0827/091231.313:ERROR:crash_report_database_win.cc(469)] failed to stat report
[0827/091231.313:ERROR:crash_report_database_win.cc(469)] failed to stat report
[0827/091231.313:ERROR:crash_report_database_win.cc(469)] failed to stat report
[0827/091231.313:ERROR:crash_report_database_win.cc(469)] failed to stat report
[0827/091231.314:ERROR:crash_report_database_win.cc(469)] failed to stat report
[0827/091231.314:ERROR:crash_report_database_win.cc(469)] failed to stat report
[0827/091231.314:ERROR:crash_report_database_win.cc(469)] failed to stat report
[0827/091231.314:ERROR:crash_report_database_win.cc(469)] failed to stat report
[0827/091231.314:ERROR:crash_report_database_win.cc(469)] failed to stat report
[0827/091231.314:ERROR:crash_report_database_win.cc(469)] failed to stat report
[0827/091231.314:ERROR:crash_report_database_win.cc(469)] failed to stat report
[0827/091231.314:ERROR:crash_report_database_win.cc(469)] failed to stat report
[0827/091231.314:ERROR:crash_report_database_win.cc(469)] failed to stat report
[0827/091231.314:ERROR:crash_report_database_win.cc(469)] failed to stat report
[0827/091231.314:ERROR:crash_report_database_win.cc(469)] failed to stat report
[0827/091231.314:ERROR:crash_report_database_win.cc(469)] failed to stat report
[0827/091231.314:ERROR:crash_report_database_win.cc(469)] failed to stat report
[0827/091231.314:ERROR:crash_report_database_win.cc(469)] failed to stat report
[0827/091231.314:ERROR:crash_report_database_win.cc(469)] failed to stat report
[0827/091231.314:ERROR:crash_report_database_win.cc(469)] failed to stat report
[0827/091231.314:ERROR:crash_report_database_win.cc(469)] failed to stat report
[0827/152408.515:ERROR:crash_report_database_win.cc(469)] failed to stat report
[0827/152408.515:ERROR:crash_report_database_win.cc(469)] failed to stat report
[0827/152408.515:ERROR:crash_report_database_win.cc(469)] failed to stat report
[0827/152408.515:ERROR:crash_report_database_win.cc(469)] failed to stat report
[0827/152408.515:ERROR:crash_report_database_win.cc(469)] failed to stat report
[0827/152408.515:ERROR:crash_report_database_win.cc(469)] failed to stat report
[0827/152408.515:ERROR:crash_report_database_win.cc(469)] failed to stat report
[0827/152408.516:ERROR:crash_report_database_win.cc(469)] failed to stat report
[0827/152408.516:ERROR:crash_report_database_win.cc(469)] failed to stat report
[0827/152408.516:ERROR:crash_report_database_win.cc(469)] failed to stat report
[0827/152408.516:ERROR:crash_report_database_win.cc(469)] failed to stat report
[0827/152408.516:ERROR:crash_report_database_win.cc(469)] failed to stat report
[0827/152408.516:ERROR:crash_report_database_win.cc(469)] failed to stat report
[0827/152408.516:ERROR:crash_report_database_win.cc(469)] failed to stat report
[0827/152408.516:ERROR:crash_report_database_win.cc(469)] failed to stat report
[0827/152408.516:ERROR:crash_report_database_win.cc(469)] failed to stat report
[0827/152408.516:ERROR:crash_report_database_win.cc(469)] failed to stat report
[0827/152408.516:ERROR:crash_report_database_win.cc(469)] failed to stat report
[0827/152408.516:ERROR:crash_report_database_win.cc(469)] failed to stat report
[0827/152408.516:ERROR:crash_report_database_win.cc(469)] failed to stat report
[0827/152408.516:ERROR:crash_report_database_win.cc(469)] failed to stat report
[0827/152408.516:ERROR:crash_report_database_win.cc(469)] failed to stat report
[0827/152408.516:ERROR:crash_report_database_win.cc(469)] failed to stat report
[0827/152408.516:ERROR:crash_report_database_win.cc(469)] failed to stat report
[0827/152408.516:ERROR:crash_report_database_win.cc(469)] failed to stat report
[0827/152408.516:ERROR:crash_report_database_win.cc(469)] failed to stat report
[0827/152408.516:ERROR:crash_report_database_win.cc(469)] failed to stat report
[0827/152647.055:ERROR:crash_report_database_win.cc(469)] failed to stat report
[0827/152647.056:ERROR:crash_report_database_win.cc(469)] failed to stat report
[0827/152647.056:ERROR:crash_report_database_win.cc(469)] failed to stat report
[0827/152647.056:ERROR:crash_report_database_win.cc(469)] failed to stat report
[0827/152647.056:ERROR:crash_report_database_win.cc(469)] failed to stat report
[0827/152647.056:ERROR:crash_report_database_win.cc(469)] failed to stat report
[0827/152647.056:ERROR:crash_report_database_win.cc(469)] failed to stat report
[0827/152647.056:ERROR:crash_report_database_win.cc(469)] failed to stat report
[0827/152647.056:ERROR:crash_report_database_win.cc(469)] failed to stat report
[0827/152647.056:ERROR:crash_report_database_win.cc(469)] failed to stat report
[0827/152647.056:ERROR:crash_report_database_win.cc(469)] failed to stat report
[0827/152647.057:ERROR:crash_report_database_win.cc(469)] failed to stat report
[0827/152647.057:ERROR:crash_report_database_win.cc(469)] failed to stat report
[0827/152647.057:ERROR:crash_report_database_win.cc(469)] failed to stat report
[0827/152647.057:ERROR:crash_report_database_win.cc(469)] failed to stat report
[0827/152647.057:ERROR:crash_report_database_win.cc(469)] failed to stat report
[0827/152647.057:ERROR:crash_report_database_win.cc(469)] failed to stat report
[0827/152647.057:ERROR:crash_report_database_win.cc(469)] failed to stat report
[0827/152647.057:ERROR:crash_report_database_win.cc(469)] failed to stat report
[0827/152647.057:ERROR:crash_report_database_win.cc(469)] failed to stat report
[0827/152647.057:ERROR:crash_report_database_win.cc(469)] failed to stat report
[0827/152647.057:ERROR:crash_report_database_win.cc(469)] failed to stat report
[0827/152647.057:ERROR:crash_report_database_win.cc(469)] failed to stat report
[0827/152647.057:ERROR:crash_report_database_win.cc(469)] failed to stat report
[0827/152647.057:ERROR:crash_report_database_win.cc(469)] failed to stat report
[0827/152647.057:ERROR:crash_report_database_win.cc(469)] failed to stat report
[0827/152647.057:ERROR:crash_report_database_win.cc(469)] failed to stat report
[0903/093314.457:ERROR:crash_report_database_win.cc(469)] failed to stat report
[0903/093314.458:ERROR:crash_report_database_win.cc(469)] failed to stat report
[0903/093314.458:ERROR:crash_report_database_win.cc(469)] failed to stat report
[0903/093314.458:ERROR:crash_report_database_win.cc(469)] failed to stat report
[0903/093314.458:ERROR:crash_report_database_win.cc(469)] failed to stat report
[0903/093314.458:ERROR:crash_report_database_win.cc(469)] failed to stat report
[0903/093314.458:ERROR:crash_report_database_win.cc(469)] failed to stat report
[0903/093314.458:ERROR:crash_report_database_win.cc(469)] failed to stat report
[0903/093314.458:ERROR:crash_report_database_win.cc(469)] failed to stat report
[0903/093314.458:ERROR:crash_report_database_win.cc(469)] failed to stat report
[0903/093314.459:ERROR:crash_report_database_win.cc(469)] failed to stat report
[0903/093314.459:ERROR:crash_report_database_win.cc(469)] failed to stat report
[0903/093314.459:ERROR:crash_report_database_win.cc(469)] failed to stat report
[0903/093314.459:ERROR:crash_report_database_win.cc(469)] failed to stat report
[0903/093314.459:ERROR:crash_report_database_win.cc(469)] failed to stat report
[0903/093314.459:ERROR:crash_report_database_win.cc(469)] failed to stat report
[0903/093314.459:ERROR:crash_report_database_win.cc(469)] failed to stat report
[0903/093314.459:ERROR:crash_report_database_win.cc(469)] failed to stat report
[0903/093314.459:ERROR:crash_report_database_win.cc(469)] failed to stat report
[0903/093314.459:ERROR:crash_report_database_win.cc(469)] failed to stat report
[0903/093314.459:ERROR:crash_report_database_win.cc(469)] failed to stat report
[0903/093314.459:ERROR:crash_report_database_win.cc(469)] failed to stat report
[0903/093314.460:ERROR:crash_report_database_win.cc(469)] failed to stat report
[0903/093314.460:ERROR:crash_report_database_win.cc(469)] failed to stat report
[0903/093314.460:ERROR:crash_report_database_win.cc(469)] failed to stat report
[0903/093314.460:ERROR:crash_report_database_win.cc(469)] failed to stat report
[0903/093314.460:ERROR:crash_report_database_win.cc(469)] failed to stat report
[0905/182345.277:ERROR:crash_report_database_win.cc(469)] failed to stat report
[0905/182345.277:ERROR:crash_report_database_win.cc(469)] failed to stat report
[0905/182345.277:ERROR:crash_report_database_win.cc(469)] failed to stat report
[0905/182345.277:ERROR:crash_report_database_win.cc(469)] failed to stat report
[0905/182345.277:ERROR:crash_report_database_win.cc(469)] failed to stat report
[0905/182345.277:ERROR:crash_report_database_win.cc(469)] failed to stat report
[0905/182345.277:ERROR:crash_report_database_win.cc(469)] failed to stat report
[0905/182345.277:ERROR:crash_report_database_win.cc(469)] failed to stat report
[0905/182345.277:ERROR:crash_report_database_win.cc(469)] failed to stat report
[0905/182345.277:ERROR:crash_report_database_win.cc(469)] failed to stat report
[0905/182345.277:ERROR:crash_report_database_win.cc(469)] failed to stat report
[0905/182345.277:ERROR:crash_report_database_win.cc(469)] failed to stat report
[0905/182345.277:ERROR:crash_report_database_win.cc(469)] failed to stat report
[0905/182345.277:ERROR:crash_report_database_win.cc(469)] failed to stat report
[0905/182345.277:ERROR:crash_report_database_win.cc(469)] failed to stat report
[0905/182345.277:ERROR:crash_report_database_win.cc(469)] failed to stat report
[0905/182345.277:ERROR:crash_report_database_win.cc(469)] failed to stat report
[0905/182345.277:ERROR:crash_report_database_win.cc(469)] failed to stat report
[0905/182345.277:ERROR:crash_report_database_win.cc(469)] failed to stat report
[0905/182345.277:ERROR:crash_report_database_win.cc(469)] failed to stat report
[0905/182345.277:ERROR:crash_report_database_win.cc(469)] failed to stat report
[0905/182345.277:ERROR:crash_report_database_win.cc(469)] failed to stat report
[0905/182345.277:ERROR:crash_report_database_win.cc(469)] failed to stat report
[0905/182345.277:ERROR:crash_report_database_win.cc(469)] failed to stat report
[0905/182345.277:ERROR:crash_report_database_win.cc(469)] failed to stat report
[0905/182345.277:ERROR:crash_report_database_win.cc(469)] failed to stat report
[0905/182345.277:ERROR:crash_report_database_win.cc(469)] failed to stat report
